<?xml version="1.0" encoding="UTF-8"?>
<!-- Generated by org.testng.reporters.JUnitReportReporter -->
<testsuite skipped="0" hostname="DESKTOP-7I164AT" name="Com.MyTest.Test01.MultipleSessionHandling" tests="3" failures="0" timestamp="2023-06-19T16:36:53 IST" time="28.791" errors="0">
  <testcase name="executeSessionThree" time="9.598" classname="Com.MyTest.Test01.MultipleSessionHandling"/>
  <system-out/>
  <testcase name="executeSessionOne" time="9.583" classname="Com.MyTest.Test01.MultipleSessionHandling"/>
  <system-out/>
  <testcase name="executeSessionTwo" time="9.610" classname="Com.MyTest.Test01.MultipleSessionHandling"/>
  <system-out/>
</testsuite> <!-- Com.MyTest.Test01.MultipleSessionHandling -->
