<?xml version="1.0" encoding="UTF-8"?>
<!-- Generated by org.testng.reporters.JUnitReportReporter -->
<testsuite hostname="DESKTOP-7I164AT" failures="0" tests="1" name="testRunner.LoginRun" time="0.181" errors="0" timestamp="2023-09-03T14:01:36 IST" skipped="0">
  <testcase classname="testRunner.LoginRun" name="runScenario" time="0.181"/>
  <system-out/>
</testsuite> <!-- testRunner.LoginRun -->
