<?xml version="1.0" encoding="UTF-8"?>
<!-- Generated by org.testng.reporters.JUnitReportReporter -->
<testsuite skipped="0" hostname="DESKTOP-7I164AT" name="Com.MyTest.Test01.Test1" tests="5" failures="0" timestamp="2023-06-19T12:56:58 IST" time="0.059" errors="0">
  <testcase name="verifyUrl" time="0.011" classname="Com.MyTest.Test01.Test1"/>
  <system-out/>
  <testcase name="verifyUrl" time="0.008" classname="Com.MyTest.Test01.Test1"/>
  <system-out/>
  <testcase name="verifyUrl" time="0.013" classname="Com.MyTest.Test01.Test1"/>
  <system-out/>
  <testcase name="verifyUrl" time="0.009" classname="Com.MyTest.Test01.Test1"/>
  <system-out/>
  <testcase name="verifyUrl" time="0.018" classname="Com.MyTest.Test01.Test1"/>
  <system-out/>
</testsuite> <!-- Com.MyTest.Test01.Test1 -->
